2021-03-13 11:20:46.085 [main] INFO  Calculator - [SQ ROOT] - 3.0
2021-03-13 11:20:46.089 [main] INFO  Calculator - [RESULT - SQ ROOT] - 1.7320508075688772
2021-03-13 11:20:46.089 [main] INFO  Calculator - [SQ ROOT] - 4.0
2021-03-13 11:20:46.090 [main] INFO  Calculator - [RESULT - SQ ROOT] - 2.0
2021-03-13 11:20:46.091 [main] INFO  Calculator - [NATURAL LOG] - 1.0
2021-03-13 11:20:46.091 [main] INFO  Calculator - [RESULT - NATURAL LOG] - 0.0
2021-03-13 11:20:46.092 [main] INFO  Calculator - [NATURAL LOG] - 1.0
2021-03-13 11:20:46.092 [main] INFO  Calculator - [RESULT - NATURAL LOG] - 0.0
2021-03-13 11:20:46.093 [main] INFO  Calculator - [POWER - 2.0 RAISED TO] 2.0
2021-03-13 11:20:46.095 [main] INFO  Calculator - [RESULT - POWER] - 4.0
2021-03-13 11:20:46.096 [main] INFO  Calculator - [POWER - 2.0 RAISED TO] 3.0
2021-03-13 11:20:46.097 [main] INFO  Calculator - [RESULT - POWER] - 8.0
2021-03-13 11:20:46.098 [main] INFO  Calculator - [POWER - 2.0 RAISED TO] 3.0
2021-03-13 11:20:46.098 [main] INFO  Calculator - [RESULT - POWER] - 8.0
2021-03-13 11:20:46.099 [main] INFO  Calculator - [POWER - 4.0 RAISED TO] 3.0
2021-03-13 11:20:46.099 [main] INFO  Calculator - [RESULT - POWER] - 64.0
2021-03-13 11:20:46.099 [main] INFO  Calculator - [NATURAL LOG] - 2.4
2021-03-13 11:20:46.100 [main] INFO  Calculator - [RESULT - NATURAL LOG] - 0.8754687373538999
2021-03-13 11:20:46.100 [main] INFO  Calculator - [NATURAL LOG] - 2.1
2021-03-13 11:20:46.100 [main] INFO  Calculator - [RESULT - NATURAL LOG] - 0.7419373447293773
2021-03-13 11:20:46.101 [main] INFO  Calculator - [SQ ROOT] - 4.0
2021-03-13 11:20:46.101 [main] INFO  Calculator - [RESULT - SQ ROOT] - 2.0
2021-03-13 11:20:46.110 [main] INFO  Calculator - [SQ ROOT] - 1.0
2021-03-13 11:20:46.111 [main] INFO  Calculator - [RESULT - SQ ROOT] - 1.0
2021-03-13 18:58:16.390 [main] INFO  Calculator - [SQ ROOT] - 3.0
2021-03-13 18:58:16.405 [main] INFO  Calculator - [RESULT - SQ ROOT] - 1.7320508075688772
2021-03-13 18:58:16.406 [main] INFO  Calculator - [SQ ROOT] - 4.0
2021-03-13 18:58:16.406 [main] INFO  Calculator - [RESULT - SQ ROOT] - 2.0
2021-03-13 18:58:16.407 [main] INFO  Calculator - [NATURAL LOG] - 1.0
2021-03-13 18:58:16.407 [main] INFO  Calculator - [RESULT - NATURAL LOG] - 0.0
2021-03-13 18:58:16.408 [main] INFO  Calculator - [NATURAL LOG] - 1.0
2021-03-13 18:58:16.408 [main] INFO  Calculator - [RESULT - NATURAL LOG] - 0.0
2021-03-13 18:58:16.409 [main] INFO  Calculator - [POWER - 2.0 RAISED TO] 5.0
2021-03-13 18:58:16.410 [main] INFO  Calculator - [RESULT - POWER] - 32.0
2021-03-13 18:58:16.410 [main] INFO  Calculator - [POWER - 3.0 RAISED TO] 4.0
2021-03-13 18:58:16.411 [main] INFO  Calculator - [RESULT - POWER] - 81.0
2021-03-13 18:58:16.411 [main] INFO  Calculator - [POWER - 5.0 RAISED TO] 3.0
2021-03-13 18:58:16.411 [main] INFO  Calculator - [RESULT - POWER] - 125.0
2021-03-13 18:58:16.412 [main] INFO  Calculator - [POWER - 2.0 RAISED TO] 4.0
2021-03-13 18:58:16.412 [main] INFO  Calculator - [RESULT - POWER] - 16.0
2021-03-13 18:58:16.413 [main] INFO  Calculator - [POWER - 4.0 RAISED TO] 4.0
2021-03-13 18:58:16.413 [main] INFO  Calculator - [RESULT - POWER] - 256.0
2021-03-13 18:58:16.413 [main] INFO  Calculator - [POWER - 3.0 RAISED TO] 3.0
2021-03-13 18:58:16.414 [main] INFO  Calculator - [RESULT - POWER] - 27.0
2021-03-13 18:58:16.414 [main] INFO  Calculator - [NATURAL LOG] - 2.4
2021-03-13 18:58:16.415 [main] INFO  Calculator - [RESULT - NATURAL LOG] - 0.8754687373538999
2021-03-13 18:58:16.415 [main] INFO  Calculator - [NATURAL LOG] - 2.1
2021-03-13 18:58:16.415 [main] INFO  Calculator - [RESULT - NATURAL LOG] - 0.7419373447293773
2021-03-13 18:58:16.416 [main] INFO  Calculator - [NATURAL LOG] - 2.1
2021-03-13 18:58:16.416 [main] INFO  Calculator - [RESULT - NATURAL LOG] - 0.7419373447293773
2021-03-13 18:58:16.421 [main] INFO  Calculator - [SQ ROOT] - 4.0
2021-03-13 18:58:16.422 [main] INFO  Calculator - [RESULT - SQ ROOT] - 2.0
2021-03-13 18:58:16.422 [main] INFO  Calculator - [SQ ROOT] - 1.0
2021-03-13 18:58:16.422 [main] INFO  Calculator - [RESULT - SQ ROOT] - 1.0
2021-03-13 18:58:16.423 [main] INFO  Calculator - [SQ ROOT] - 16.0
2021-03-13 18:58:16.423 [main] INFO  Calculator - [RESULT - SQ ROOT] - 4.0
2021-03-13 18:58:16.423 [main] INFO  Calculator - [SQ ROOT] - 9.0
2021-03-13 18:58:16.424 [main] INFO  Calculator - [RESULT - SQ ROOT] - 3.0
2021-03-13 19:02:15.645 [main] INFO  Calculator - [SQ ROOT] - 3.0
2021-03-13 19:02:15.649 [main] INFO  Calculator - [RESULT - SQ ROOT] - 1.7320508075688772
2021-03-13 19:02:15.649 [main] INFO  Calculator - [SQ ROOT] - 4.0
2021-03-13 19:02:15.649 [main] INFO  Calculator - [RESULT - SQ ROOT] - 2.0
2021-03-13 19:02:15.650 [main] INFO  Calculator - [NATURAL LOG] - 1.0
2021-03-13 19:02:15.650 [main] INFO  Calculator - [RESULT - NATURAL LOG] - 0.0
2021-03-13 19:02:15.651 [main] INFO  Calculator - [NATURAL LOG] - 1.0
2021-03-13 19:02:15.651 [main] INFO  Calculator - [RESULT - NATURAL LOG] - 0.0
2021-03-13 19:02:15.652 [main] INFO  Calculator - [POWER - 2.0 RAISED TO] 5.0
2021-03-13 19:02:15.653 [main] INFO  Calculator - [RESULT - POWER] - 32.0
2021-03-13 19:02:15.653 [main] INFO  Calculator - [POWER - 3.0 RAISED TO] 4.0
2021-03-13 19:02:15.653 [main] INFO  Calculator - [RESULT - POWER] - 81.0
2021-03-13 19:02:15.653 [main] INFO  Calculator - [POWER - 5.0 RAISED TO] 3.0
2021-03-13 19:02:15.654 [main] INFO  Calculator - [RESULT - POWER] - 125.0
2021-03-13 19:02:15.655 [main] INFO  Calculator - [POWER - 2.0 RAISED TO] 4.0
2021-03-13 19:02:15.655 [main] INFO  Calculator - [RESULT - POWER] - 16.0
2021-03-13 19:02:15.655 [main] INFO  Calculator - [POWER - 4.0 RAISED TO] 4.0
2021-03-13 19:02:15.656 [main] INFO  Calculator - [RESULT - POWER] - 256.0
2021-03-13 19:02:15.656 [main] INFO  Calculator - [POWER - 3.0 RAISED TO] 3.0
2021-03-13 19:02:15.656 [main] INFO  Calculator - [RESULT - POWER] - 27.0
2021-03-13 19:02:15.657 [main] INFO  Calculator - [NATURAL LOG] - 2.4
2021-03-13 19:02:15.657 [main] INFO  Calculator - [RESULT - NATURAL LOG] - 0.8754687373538999
2021-03-13 19:02:15.662 [main] INFO  Calculator - [NATURAL LOG] - 2.1
2021-03-13 19:02:15.663 [main] INFO  Calculator - [RESULT - NATURAL LOG] - 0.7419373447293773
2021-03-13 19:02:15.664 [main] INFO  Calculator - [NATURAL LOG] - 2.1
2021-03-13 19:02:15.666 [main] INFO  Calculator - [RESULT - NATURAL LOG] - 0.7419373447293773
2021-03-13 19:02:15.670 [main] INFO  Calculator - [SQ ROOT] - 4.0
2021-03-13 19:02:15.673 [main] INFO  Calculator - [RESULT - SQ ROOT] - 2.0
2021-03-13 19:02:15.674 [main] INFO  Calculator - [SQ ROOT] - 1.0
2021-03-13 19:02:15.688 [main] INFO  Calculator - [RESULT - SQ ROOT] - 1.0
2021-03-13 19:02:15.688 [main] INFO  Calculator - [SQ ROOT] - 16.0
2021-03-13 19:02:15.688 [main] INFO  Calculator - [RESULT - SQ ROOT] - 4.0
2021-03-13 19:02:15.689 [main] INFO  Calculator - [SQ ROOT] - 9.0
2021-03-13 19:02:15.689 [main] INFO  Calculator - [RESULT - SQ ROOT] - 3.0
2021-03-13 19:02:54.821 [main] INFO  Calculator - [SQ ROOT] - 3.0
2021-03-13 19:02:54.824 [main] INFO  Calculator - [RESULT - SQ ROOT] - 1.7320508075688772
2021-03-13 19:02:54.825 [main] INFO  Calculator - [SQ ROOT] - 4.0
2021-03-13 19:02:54.825 [main] INFO  Calculator - [RESULT - SQ ROOT] - 2.0
2021-03-13 19:02:54.826 [main] INFO  Calculator - [NATURAL LOG] - 1.0
2021-03-13 19:02:54.826 [main] INFO  Calculator - [RESULT - NATURAL LOG] - 0.0
2021-03-13 19:02:54.826 [main] INFO  Calculator - [NATURAL LOG] - 1.0
2021-03-13 19:02:54.827 [main] INFO  Calculator - [RESULT - NATURAL LOG] - 0.0
2021-03-13 19:02:54.828 [main] INFO  Calculator - [POWER - 2.0 RAISED TO] 5.0
2021-03-13 19:02:54.828 [main] INFO  Calculator - [RESULT - POWER] - 32.0
2021-03-13 19:02:54.828 [main] INFO  Calculator - [POWER - 3.0 RAISED TO] 4.0
2021-03-13 19:02:54.829 [main] INFO  Calculator - [RESULT - POWER] - 81.0
2021-03-13 19:02:54.829 [main] INFO  Calculator - [POWER - 5.0 RAISED TO] 3.0
2021-03-13 19:02:54.829 [main] INFO  Calculator - [RESULT - POWER] - 125.0
2021-03-13 19:02:54.829 [main] INFO  Calculator - [POWER - 2.0 RAISED TO] 4.0
2021-03-13 19:02:54.830 [main] INFO  Calculator - [RESULT - POWER] - 16.0
2021-03-13 19:02:54.830 [main] INFO  Calculator - [POWER - 4.0 RAISED TO] 4.0
2021-03-13 19:02:54.830 [main] INFO  Calculator - [RESULT - POWER] - 256.0
2021-03-13 19:02:54.830 [main] INFO  Calculator - [POWER - 3.0 RAISED TO] 3.0
2021-03-13 19:02:54.831 [main] INFO  Calculator - [RESULT - POWER] - 27.0
2021-03-13 19:02:54.831 [main] INFO  Calculator - [NATURAL LOG] - 2.4
2021-03-13 19:02:54.831 [main] INFO  Calculator - [RESULT - NATURAL LOG] - 0.8754687373538999
2021-03-13 19:02:54.832 [main] INFO  Calculator - [NATURAL LOG] - 2.1
2021-03-13 19:02:54.832 [main] INFO  Calculator - [RESULT - NATURAL LOG] - 0.7419373447293773
2021-03-13 19:02:54.832 [main] INFO  Calculator - [NATURAL LOG] - 2.1
2021-03-13 19:02:54.832 [main] INFO  Calculator - [RESULT - NATURAL LOG] - 0.7419373447293773
2021-03-13 19:02:54.833 [main] INFO  Calculator - [SQ ROOT] - 4.0
2021-03-13 19:02:54.833 [main] INFO  Calculator - [RESULT - SQ ROOT] - 2.0
2021-03-13 19:02:54.834 [main] INFO  Calculator - [SQ ROOT] - 1.0
2021-03-13 19:02:54.834 [main] INFO  Calculator - [RESULT - SQ ROOT] - 1.0
2021-03-13 19:02:54.834 [main] INFO  Calculator - [SQ ROOT] - 16.0
2021-03-13 19:02:54.834 [main] INFO  Calculator - [RESULT - SQ ROOT] - 4.0
2021-03-13 19:02:54.835 [main] INFO  Calculator - [SQ ROOT] - 9.0
2021-03-13 19:02:54.835 [main] INFO  Calculator - [RESULT - SQ ROOT] - 3.0
2021-03-13 19:06:52.195 [main] INFO  Calculator - [SQ ROOT] - 3.0
2021-03-13 19:06:52.199 [main] INFO  Calculator - [RESULT - SQ ROOT] - 1.7320508075688772
2021-03-13 19:06:52.200 [main] INFO  Calculator - [SQ ROOT] - 4.0
2021-03-13 19:06:52.200 [main] INFO  Calculator - [RESULT - SQ ROOT] - 2.0
2021-03-13 19:06:52.201 [main] INFO  Calculator - [NATURAL LOG] - 1.0
2021-03-13 19:06:52.202 [main] INFO  Calculator - [RESULT - NATURAL LOG] - 0.0
2021-03-13 19:06:52.202 [main] INFO  Calculator - [NATURAL LOG] - 1.0
2021-03-13 19:06:52.202 [main] INFO  Calculator - [RESULT - NATURAL LOG] - 0.0
2021-03-13 19:06:52.204 [main] INFO  Calculator - [POWER - 2.0 RAISED TO] 5.0
2021-03-13 19:06:52.205 [main] INFO  Calculator - [RESULT - POWER] - 32.0
2021-03-13 19:06:52.205 [main] INFO  Calculator - [POWER - 3.0 RAISED TO] 4.0
2021-03-13 19:06:52.206 [main] INFO  Calculator - [RESULT - POWER] - 81.0
2021-03-13 19:06:52.207 [main] INFO  Calculator - [POWER - 5.0 RAISED TO] 3.0
2021-03-13 19:06:52.207 [main] INFO  Calculator - [RESULT - POWER] - 125.0
2021-03-13 19:06:52.208 [main] INFO  Calculator - [POWER - 2.0 RAISED TO] 4.0
2021-03-13 19:06:52.208 [main] INFO  Calculator - [RESULT - POWER] - 16.0
2021-03-13 19:06:52.209 [main] INFO  Calculator - [POWER - 4.0 RAISED TO] 4.0
2021-03-13 19:06:52.209 [main] INFO  Calculator - [RESULT - POWER] - 256.0
2021-03-13 19:06:52.209 [main] INFO  Calculator - [POWER - 3.0 RAISED TO] 3.0
2021-03-13 19:06:52.210 [main] INFO  Calculator - [RESULT - POWER] - 27.0
2021-03-13 19:06:52.211 [main] INFO  Calculator - [NATURAL LOG] - 2.4
2021-03-13 19:06:52.211 [main] INFO  Calculator - [RESULT - NATURAL LOG] - 0.8754687373538999
2021-03-13 19:06:52.212 [main] INFO  Calculator - [NATURAL LOG] - 2.1
2021-03-13 19:06:52.212 [main] INFO  Calculator - [RESULT - NATURAL LOG] - 0.7419373447293773
2021-03-13 19:06:52.212 [main] INFO  Calculator - [NATURAL LOG] - 2.1
2021-03-13 19:06:52.213 [main] INFO  Calculator - [RESULT - NATURAL LOG] - 0.7419373447293773
2021-03-13 19:06:52.214 [main] INFO  Calculator - [SQ ROOT] - 4.0
2021-03-13 19:06:52.215 [main] INFO  Calculator - [RESULT - SQ ROOT] - 2.0
2021-03-13 19:06:52.215 [main] INFO  Calculator - [SQ ROOT] - 1.0
2021-03-13 19:06:52.216 [main] INFO  Calculator - [RESULT - SQ ROOT] - 1.0
2021-03-13 19:06:52.216 [main] INFO  Calculator - [SQ ROOT] - 16.0
2021-03-13 19:06:52.216 [main] INFO  Calculator - [RESULT - SQ ROOT] - 4.0
2021-03-13 19:06:52.217 [main] INFO  Calculator - [SQ ROOT] - 9.0
2021-03-13 19:06:52.217 [main] INFO  Calculator - [RESULT - SQ ROOT] - 3.0
2021-03-13 19:09:58.742 [main] INFO  Calculator - [SQ ROOT] - 3.0
2021-03-13 19:09:58.747 [main] INFO  Calculator - [RESULT - SQ ROOT] - 1.7320508075688772
2021-03-13 19:09:58.748 [main] INFO  Calculator - [SQ ROOT] - 4.0
2021-03-13 19:09:58.749 [main] INFO  Calculator - [RESULT - SQ ROOT] - 2.0
2021-03-13 19:09:58.749 [main] INFO  Calculator - [NATURAL LOG] - 1.0
2021-03-13 19:09:58.750 [main] INFO  Calculator - [RESULT - NATURAL LOG] - 0.0
2021-03-13 19:09:58.750 [main] INFO  Calculator - [NATURAL LOG] - 1.0
2021-03-13 19:09:58.750 [main] INFO  Calculator - [RESULT - NATURAL LOG] - 0.0
2021-03-13 19:09:58.751 [main] INFO  Calculator - [POWER - 2.0 RAISED TO] 5.0
2021-03-13 19:09:58.752 [main] INFO  Calculator - [RESULT - POWER] - 32.0
2021-03-13 19:09:58.752 [main] INFO  Calculator - [POWER - 3.0 RAISED TO] 4.0
2021-03-13 19:09:58.753 [main] INFO  Calculator - [RESULT - POWER] - 81.0
2021-03-13 19:09:58.753 [main] INFO  Calculator - [POWER - 5.0 RAISED TO] 3.0
2021-03-13 19:09:58.753 [main] INFO  Calculator - [RESULT - POWER] - 125.0
2021-03-13 19:09:58.754 [main] INFO  Calculator - [POWER - 2.0 RAISED TO] 4.0
2021-03-13 19:09:58.754 [main] INFO  Calculator - [RESULT - POWER] - 16.0
2021-03-13 19:09:58.754 [main] INFO  Calculator - [POWER - 4.0 RAISED TO] 4.0
2021-03-13 19:09:58.754 [main] INFO  Calculator - [RESULT - POWER] - 256.0
2021-03-13 19:09:58.755 [main] INFO  Calculator - [POWER - 3.0 RAISED TO] 3.0
2021-03-13 19:09:58.755 [main] INFO  Calculator - [RESULT - POWER] - 27.0
2021-03-13 19:09:58.755 [main] INFO  Calculator - [NATURAL LOG] - 2.4
2021-03-13 19:09:58.756 [main] INFO  Calculator - [RESULT - NATURAL LOG] - 0.8754687373538999
2021-03-13 19:09:58.756 [main] INFO  Calculator - [NATURAL LOG] - 2.1
2021-03-13 19:09:58.756 [main] INFO  Calculator - [RESULT - NATURAL LOG] - 0.7419373447293773
2021-03-13 19:09:58.756 [main] INFO  Calculator - [NATURAL LOG] - 2.1
2021-03-13 19:09:58.756 [main] INFO  Calculator - [RESULT - NATURAL LOG] - 0.7419373447293773
2021-03-13 19:09:58.757 [main] INFO  Calculator - [SQ ROOT] - 4.0
2021-03-13 19:09:58.757 [main] INFO  Calculator - [RESULT - SQ ROOT] - 2.0
2021-03-13 19:09:58.757 [main] INFO  Calculator - [SQ ROOT] - 1.0
2021-03-13 19:09:58.757 [main] INFO  Calculator - [RESULT - SQ ROOT] - 1.0
2021-03-13 19:09:58.758 [main] INFO  Calculator - [SQ ROOT] - 16.0
2021-03-13 19:09:58.758 [main] INFO  Calculator - [RESULT - SQ ROOT] - 4.0
2021-03-13 19:09:58.758 [main] INFO  Calculator - [SQ ROOT] - 9.0
2021-03-13 19:09:58.758 [main] INFO  Calculator - [RESULT - SQ ROOT] - 3.0
